<?xml version="1.0" encoding="UTF-8"?>
<!-- Generated by org.testng.reporters.JUnitXMLReporter -->
<testsuite ignored="0" hostname="LAPTOP-M9NR2LIP" failures="0" tests="4" name="Default test" time="133.604" errors="0" timestamp="2020-10-26T05:49:43 IST">
  <testcase classname="com.moxie.tastcases.MoxieChangeTime" name="checkTypeIsWorking" time="10.537"/>
  <testcase classname="com.moxie.tastcases.MoxieChangeTime" name="selectFirstFlexPay" time="59.739"/>
  <testcase classname="com.moxie.tastcases.MoxieChangeTime" name="loginForBookingPage" time="10.246"/>
  <testcase classname="com.moxie.tastcases.MoxieChangeTime" name="changeTimeZone" time="4.421"/>
</testsuite> <!-- Default test -->
