<?xml version="1.0" encoding="UTF-8"?>
<!-- Generated by org.testng.reporters.JUnitXMLReporter -->
<testsuite ignored="0" hostname="LAPTOP-M9NR2LIP" failures="0" tests="4" name="chrome" time="183.764" errors="0" timestamp="2020-10-26T19:19:59 IST">
  <testcase classname="com.moxie.tastcases.MoxieChangeTime" name="selectFirstFlexPay" time="28.958"/>
  <testcase classname="com.moxie.tastcases.MoxieChangeTime" name="selectFirstFlexPay" time="25.887"/>
  <testcase classname="com.moxie.tastcases.MoxieChangeTime" name="loginForBookingPage" time="9.296"/>
  <testcase classname="com.moxie.tastcases.MoxieChangeTime" name="changeTimeZone" time="2.478"/>
</testsuite> <!-- chrome -->
