<?xml version="1.0" encoding="UTF-8"?>
<!-- Generated by org.testng.reporters.JUnitXMLReporter -->
<testsuite ignored="0" hostname="LAPTOP-M9NR2LIP" failures="1" tests="10" name="chrome" time="188.695" errors="0" timestamp="2020-10-26T17:23:34 IST">
  <testcase classname="com.moxie.tastcases.MoxieChangeTime" name="checkTypeIsWorking" time="0.856"/>
  <testcase classname="com.moxie.tastcases.MoxieChangeTime" name="checkTypeIsWorking" time="0.874"/>
  <testcase classname="com.moxie.tastcases.MoxieChangeTime" name="selectFirstFlexPay" time="72.334"/>
  <testcase classname="com.moxie.tastcases.MoxieChangeTime" name="checkTypeIsWorking" time="0.733"/>
  <testcase classname="com.moxie.tastcases.MoxieChangeTime" name="loginForBookingPage" time="14.74">
    <failure type="org.openqa.selenium.TimeoutException" message="Expected condition failed: waiting for element to be clickable: [[FirefoxDriver: firefox on WINDOWS (0a46b52e-64c9-4d40-a7f7-b50b211b550e)] -&amp;gt; xpath: //div[contains(text(),&amp;apos;achatapnew@gmail.com&amp;apos;)]] (tried for 5 second(s) with 500 milliseconds interval)
Build info: version: &amp;apos;3.141.59&amp;apos;, revision: &amp;apos;e82be7d358&amp;apos;, time: &amp;apos;2018-11-14T08:17:03&amp;apos;
System info: host: &amp;apos;LAPTOP-M9NR2LIP&amp;apos;, ip: &amp;apos;192.168.43.249&amp;apos;, os.name: &amp;apos;Windows 10&amp;apos;, os.arch: &amp;apos;amd64&amp;apos;, os.version: &amp;apos;10.0&amp;apos;, java.version: &amp;apos;13.0.2&amp;apos;
Driver info: org.openqa.selenium.firefox.FirefoxDriver
Capabilities {acceptInsecureCerts: true, browserName: firefox, browserVersion: 82.0, javascriptEnabled: true, moz:accessibilityChecks: false, moz:buildID: 20201014125134, moz:geckodriverVersion: 0.27.0, moz:headless: false, moz:processID: 14092, moz:profile: C:\Users\achat\AppData\Loca..., moz:shutdownTimeout: 60000, moz:useNonSpecCompliantPointerOrigin: false, moz:webdriverClick: true, pageLoadStrategy: normal, platform: WINDOWS, platformName: WINDOWS, platformVersion: 10.0, rotatable: false, setWindowRect: true, strictFileInteractability: false, timeouts: {implicit: 0, pageLoad: 300000, script: 30000}, unhandledPromptBehavior: dismiss and notify}
Session ID: 0a46b52e-64c9-4d40-a7f7-b50b211b550e">
      <![CDATA[org.openqa.selenium.TimeoutException: Expected condition failed: waiting for element to be clickable: [[FirefoxDriver: firefox on WINDOWS (0a46b52e-64c9-4d40-a7f7-b50b211b550e)] -> xpath: //div[contains(text(),'achatapnew@gmail.com')]] (tried for 5 second(s) with 500 milliseconds interval)
Build info: version: '3.141.59', revision: 'e82be7d358', time: '2018-11-14T08:17:03'
System info: host: 'LAPTOP-M9NR2LIP', ip: '192.168.43.249', os.name: 'Windows 10', os.arch: 'amd64', os.version: '10.0', java.version: '13.0.2'
Driver info: org.openqa.selenium.firefox.FirefoxDriver
Capabilities {acceptInsecureCerts: true, browserName: firefox, browserVersion: 82.0, javascriptEnabled: true, moz:accessibilityChecks: false, moz:buildID: 20201014125134, moz:geckodriverVersion: 0.27.0, moz:headless: false, moz:processID: 14092, moz:profile: C:\Users\achat\AppData\Loca..., moz:shutdownTimeout: 60000, moz:useNonSpecCompliantPointerOrigin: false, moz:webdriverClick: true, pageLoadStrategy: normal, platform: WINDOWS, platformName: WINDOWS, platformVersion: 10.0, rotatable: false, setWindowRect: true, strictFileInteractability: false, timeouts: {implicit: 0, pageLoad: 300000, script: 30000}, unhandledPromptBehavior: dismiss and notify}
Session ID: 0a46b52e-64c9-4d40-a7f7-b50b211b550e
at org.openqa.selenium.support.ui.WebDriverWait.timeoutException(WebDriverWait.java:95)
at org.openqa.selenium.support.ui.FluentWait.until(FluentWait.java:272)
at com.moxie.pages.BookingPage.emailPresentOnPage(BookingPage.java:63)
at com.moxie.tastcases.MoxieChangeTime.loginForBookingPage(MoxieChangeTime.java:70)
at java.base/java.util.ArrayList.forEach(ArrayList.java:1507)
at java.base/java.util.concurrent.FutureTask.run(FutureTask.java:264)
at java.base/java.util.concurrent.ThreadPoolExecutor.runWorker(ThreadPoolExecutor.java:1128)
at java.base/java.util.concurrent.ThreadPoolExecutor$Worker.run(ThreadPoolExecutor.java:628)
at java.base/java.lang.Thread.run(Thread.java:830)
... Removed 18 stack frames]]>
    </failure>
  </testcase> <!-- loginForBookingPage -->
  <testcase classname="com.moxie.tastcases.MoxieChangeTime" name="changeTimeZone" time="11.245"/>
  <testcase classname="com.moxie.tastcases.MoxieChangeTime" name="selectFirstFlexPay" time="29.841"/>
  <testcase classname="com.moxie.tastcases.MoxieChangeTime" name="selectFirstFlexPay" time="43.544"/>
  <testcase classname="com.moxie.tastcases.MoxieChangeTime" name="loginForBookingPage" time="18.825"/>
  <testcase classname="com.moxie.tastcases.MoxieChangeTime" name="changeTimeZone" time="2.925"/>
</testsuite> <!-- chrome -->
