<?xml version="1.0" encoding="UTF-8"?>
<!-- Generated by org.testng.reporters.JUnitXMLReporter -->
<testsuite ignored="0" hostname="LAPTOP-M9NR2LIP" failures="0" tests="6" name="firefox" time="169.142" errors="0" timestamp="2020-10-26T19:19:44 IST">
  <testcase classname="com.moxie.tastcases.MoxieChangeTime" name="checkTypeIsWorking" time="0.764"/>
  <testcase classname="com.moxie.tastcases.MoxieChangeTime" name="checkTypeIsWorking" time="0.234"/>
  <testcase classname="com.moxie.tastcases.MoxieChangeTime" name="selectFirstFlexPay" time="59.78"/>
  <testcase classname="com.moxie.tastcases.MoxieChangeTime" name="checkTypeIsWorking" time="0.379"/>
  <testcase classname="com.moxie.tastcases.MoxieChangeTime" name="loginForBookingPage" time="21.126"/>
  <testcase classname="com.moxie.tastcases.MoxieChangeTime" name="changeTimeZone" time="2.319"/>
</testsuite> <!-- firefox -->
