<?xml version="1.0" encoding="UTF-8"?>
<!-- Generated by org.testng.reporters.JUnitXMLReporter -->
<testsuite ignored="0" hostname="LAPTOP-M9NR2LIP" failures="0" tests="4" name="firefox" time="142.309" errors="0" timestamp="2020-10-27T12:30:28 IST">
  <testcase classname="com.moxie.tastcases.MoxieChangeTime" name="checkTypeIsWorking" time="0.95"/>
  <testcase classname="com.moxie.tastcases.MoxieChangeTime" name="selectFirstFlexPay" time="45.989"/>
  <testcase classname="com.moxie.tastcases.MoxieChangeTime" name="loginForBookingPage" time="17.346"/>
  <testcase classname="com.moxie.tastcases.MoxieChangeTime" name="changeTimeZone" time="3.784"/>
</testsuite> <!-- firefox -->
