<?xml version="1.0" encoding="UTF-8"?>
<testng-results ignored="0" total="4" passed="4" failed="0" skipped="0">
  <reporter-output>
  </reporter-output>
  <suite started-at="2020-10-26T10:11:50 IST" name="Default suite" finished-at="2020-10-26T10:14:30 IST" duration-ms="160877">
    <groups>
    </groups>
    <test started-at="2020-10-26T10:11:50 IST" name="Default test" finished-at="2020-10-26T10:14:30 IST" duration-ms="160877">
      <class name="com.moxie.tastcases.MoxieChangeTime">
        <test-method is-config="true" signature="setup()[pri:0, instance:com.moxie.tastcases.MoxieChangeTime@485e13d7]" started-at="2020-10-26T10:11:50 IST" name="setup" finished-at="2020-10-26T10:12:49 IST" duration-ms="59146" status="PASS">
          <reporter-output>
          </reporter-output>
        </test-method> <!-- setup -->
        <test-method signature="checkTypeIsWorking()[pri:1, instance:com.moxie.tastcases.MoxieChangeTime@485e13d7]" started-at="2020-10-26T10:12:49 IST" name="checkTypeIsWorking" finished-at="2020-10-26T10:12:49 IST" duration-ms="559" status="PASS">
          <reporter-output>
          </reporter-output>
        </test-method> <!-- checkTypeIsWorking -->
        <test-method signature="selectFirstFlexPay()[pri:2, instance:com.moxie.tastcases.MoxieChangeTime@485e13d7]" started-at="2020-10-26T10:12:49 IST" name="selectFirstFlexPay" finished-at="2020-10-26T10:14:09 IST" duration-ms="79825" status="PASS">
          <reporter-output>
          </reporter-output>
        </test-method> <!-- selectFirstFlexPay -->
        <test-method signature="loginForBookingPage()[pri:3, instance:com.moxie.tastcases.MoxieChangeTime@485e13d7]" started-at="2020-10-26T10:14:09 IST" name="loginForBookingPage" finished-at="2020-10-26T10:14:25 IST" duration-ms="15327" status="PASS">
          <reporter-output>
          </reporter-output>
        </test-method> <!-- loginForBookingPage -->
        <test-method signature="changeTimeZone()[pri:4, instance:com.moxie.tastcases.MoxieChangeTime@485e13d7]" started-at="2020-10-26T10:14:25 IST" name="changeTimeZone" finished-at="2020-10-26T10:14:30 IST" duration-ms="5087" status="PASS">
          <reporter-output>
          </reporter-output>
        </test-method> <!-- changeTimeZone -->
        <test-method is-config="true" signature="tearDown()[pri:0, instance:com.moxie.tastcases.MoxieChangeTime@485e13d7]" started-at="2020-10-26T10:14:30 IST" name="tearDown" finished-at="2020-10-26T10:14:30 IST" duration-ms="803" status="PASS">
          <reporter-output>
          </reporter-output>
        </test-method> <!-- tearDown -->
      </class> <!-- com.moxie.tastcases.MoxieChangeTime -->
    </test> <!-- Default test -->
  </suite> <!-- Default suite -->
</testng-results>
